<?xml version="1.0" encoding="UTF-8"?>
<testng-results skipped="0" failed="6" ignored="0" total="19" passed="13">
  <reporter-output>
  </reporter-output>
  <suite name="All Test Suite" duration-ms="162533" started-at="2023-01-05T15:18:01 EET" finished-at="2023-01-05T15:20:43 EET">
    <groups>
    </groups>
    <test name="C:/Users/guven/Desktop/Selenium/SeleniumFrameworkDesign" duration-ms="162533" started-at="2023-01-05T15:18:01 EET" finished-at="2023-01-05T15:20:43 EET">
      <class name="InarAcademy.RegisterUserWithExistingEmail">
        <test-method status="PASS" signature="setUpSuite()[pri:0, instance:InarAcademy.RegisterUserWithExistingEmail@31ef45e3]" name="setUpSuite" is-config="true" duration-ms="924" started-at="2023-01-05T15:17:53 EET" finished-at="2023-01-05T15:17:54 EET">
          <reporter-output>
          </reporter-output>
        </test-method> <!-- setUpSuite -->
        <test-method status="PASS" signature="setUpTest()[pri:0, instance:InarAcademy.RegisterUserWithExistingEmail@31ef45e3]" name="setUpTest" is-config="true" duration-ms="5114" started-at="2023-01-05T15:19:14 EET" finished-at="2023-01-05T15:19:20 EET">
          <reporter-output>
          </reporter-output>
        </test-method> <!-- setUpTest -->
        <test-method status="PASS" signature="checkTheExistEmail()[pri:0, instance:InarAcademy.RegisterUserWithExistingEmail@31ef45e3]" name="checkTheExistEmail" duration-ms="7167" started-at="2023-01-05T15:19:56 EET" finished-at="2023-01-05T15:20:03 EET">
          <reporter-output>
          </reporter-output>
        </test-method> <!-- checkTheExistEmail -->
        <test-method status="PASS" signature="fillTheNameAndEmailBox()[pri:0, instance:InarAcademy.RegisterUserWithExistingEmail@31ef45e3]" name="fillTheNameAndEmailBox" duration-ms="2654" started-at="2023-01-05T15:20:03 EET" finished-at="2023-01-05T15:20:06 EET">
          <reporter-output>
          </reporter-output>
        </test-method> <!-- fillTheNameAndEmailBox -->
        <test-method status="PASS" signature="tearUp()[pri:0, instance:InarAcademy.RegisterUserWithExistingEmail@31ef45e3]" name="tearUp" is-config="true" duration-ms="787" started-at="2023-01-05T15:20:46 EET" finished-at="2023-01-05T15:20:47 EET">
          <reporter-output>
          </reporter-output>
        </test-method> <!-- tearUp -->
      </class> <!-- InarAcademy.RegisterUserWithExistingEmail -->
      <class name="InarAcademy.LoginUserWithIncorrectEmailAndPassword">
        <test-method status="PASS" signature="setUpSuite()[pri:0, instance:InarAcademy.LoginUserWithIncorrectEmailAndPassword@13deb50e]" name="setUpSuite" is-config="true" duration-ms="1514" started-at="2023-01-05T15:17:50 EET" finished-at="2023-01-05T15:17:52 EET">
          <reporter-output>
          </reporter-output>
        </test-method> <!-- setUpSuite -->
        <test-method status="PASS" signature="setUpTest()[pri:0, instance:InarAcademy.LoginUserWithIncorrectEmailAndPassword@13deb50e]" name="setUpTest" is-config="true" duration-ms="8142" started-at="2023-01-05T15:18:58 EET" finished-at="2023-01-05T15:19:06 EET">
          <reporter-output>
          </reporter-output>
        </test-method> <!-- setUpTest -->
        <test-method status="PASS" signature="SignWithCorrectEmailAndPassword()[pri:0, instance:InarAcademy.LoginUserWithIncorrectEmailAndPassword@13deb50e]" name="SignWithCorrectEmailAndPassword" duration-ms="3200" started-at="2023-01-05T15:19:39 EET" finished-at="2023-01-05T15:19:42 EET">
          <reporter-output>
          </reporter-output>
        </test-method> <!-- SignWithCorrectEmailAndPassword -->
        <test-method status="PASS" signature="checkIsLogin()[pri:0, instance:InarAcademy.LoginUserWithIncorrectEmailAndPassword@13deb50e]" name="checkIsLogin" duration-ms="29" started-at="2023-01-05T15:19:42 EET" finished-at="2023-01-05T15:19:42 EET">
          <reporter-output>
          </reporter-output>
        </test-method> <!-- checkIsLogin -->
        <test-method status="PASS" signature="tearUp()[pri:0, instance:InarAcademy.LoginUserWithIncorrectEmailAndPassword@13deb50e]" name="tearUp" is-config="true" duration-ms="723" started-at="2023-01-05T15:20:45 EET" finished-at="2023-01-05T15:20:46 EET">
          <reporter-output>
          </reporter-output>
        </test-method> <!-- tearUp -->
      </class> <!-- InarAcademy.LoginUserWithIncorrectEmailAndPassword -->
      <class name="InarAcademy.LogoutUser">
        <test-method status="PASS" signature="setUpSuite()[pri:0, instance:InarAcademy.LogoutUser@3abbfa04]" name="setUpSuite" is-config="true" duration-ms="1501" started-at="2023-01-05T15:17:52 EET" finished-at="2023-01-05T15:17:53 EET">
          <reporter-output>
          </reporter-output>
        </test-method> <!-- setUpSuite -->
        <test-method status="PASS" signature="setUpTest()[pri:0, instance:InarAcademy.LogoutUser@3abbfa04]" name="setUpTest" is-config="true" duration-ms="7982" started-at="2023-01-05T15:19:06 EET" finished-at="2023-01-05T15:19:14 EET">
          <reporter-output>
          </reporter-output>
        </test-method> <!-- setUpTest -->
        <test-method status="PASS" signature="SignWithCorrectEmailAndPassword()[pri:0, instance:InarAcademy.LogoutUser@3abbfa04]" name="SignWithCorrectEmailAndPassword" duration-ms="5211" started-at="2023-01-05T15:19:47 EET" finished-at="2023-01-05T15:19:52 EET">
          <reporter-output>
          </reporter-output>
        </test-method> <!-- SignWithCorrectEmailAndPassword -->
        <test-method status="PASS" signature="checkIsLoginAndAfterLogout()[pri:0, instance:InarAcademy.LogoutUser@3abbfa04]" name="checkIsLoginAndAfterLogout" duration-ms="2455" started-at="2023-01-05T15:19:52 EET" finished-at="2023-01-05T15:19:54 EET">
          <reporter-output>
          </reporter-output>
        </test-method> <!-- checkIsLoginAndAfterLogout -->
        <test-method status="PASS" signature="tearUp()[pri:0, instance:InarAcademy.LogoutUser@3abbfa04]" name="tearUp" is-config="true" duration-ms="848" started-at="2023-01-05T15:20:46 EET" finished-at="2023-01-05T15:20:46 EET">
          <reporter-output>
          </reporter-output>
        </test-method> <!-- tearUp -->
      </class> <!-- InarAcademy.LogoutUser -->
      <class name="InarAcademy.SearchProduct">
        <test-method status="PASS" signature="setUpSuite()[pri:0, instance:InarAcademy.SearchProduct@14bf9759]" name="setUpSuite" is-config="true" duration-ms="1696" started-at="2023-01-05T15:17:54 EET" finished-at="2023-01-05T15:17:56 EET">
          <reporter-output>
          </reporter-output>
        </test-method> <!-- setUpSuite -->
        <test-method status="PASS" signature="setUpTest()[pri:0, instance:InarAcademy.SearchProduct@14bf9759]" name="setUpTest" is-config="true" duration-ms="3807" started-at="2023-01-05T15:19:20 EET" finished-at="2023-01-05T15:19:23 EET">
          <reporter-output>
          </reporter-output>
        </test-method> <!-- setUpTest -->
        <test-method status="FAIL" signature="clickProductsPageAndConfirm()[pri:1, instance:InarAcademy.SearchProduct@14bf9759]" name="clickProductsPageAndConfirm" duration-ms="7109" started-at="2023-01-05T15:20:23 EET" finished-at="2023-01-05T15:20:30 EET">
          <exception class="org.openqa.selenium.NoSuchElementException">
            <message>
              <![CDATA[no such element: Unable to locate element: {"method":"xpath","selector":"//h2[contains(text(),'All Products')]"}
  (Session info: chrome=108.0.5359.125)
For documentation on this error, please visit: https://selenium.dev/exceptions/#no_such_element
Build info: version: '4.7.2', revision: '4d4020c3b7'
System info: os.name: 'Windows 10', os.arch: 'amd64', os.version: '10.0', java.version: '1.8.0_341'
Driver info: org.openqa.selenium.chrome.ChromeDriver
Command: [0df812be8e5fa541047ed15c1aa508df, findElement {using=xpath, value=//h2[contains(text(),'All Products')]}]
Capabilities {acceptInsecureCerts: false, browserName: chrome, browserVersion: 108.0.5359.125, chrome: {chromedriverVersion: 108.0.5359.71 (1e0e3868ee06..., userDataDir: C:\Users\guven\AppData\Loca...}, goog:chromeOptions: {debuggerAddress: localhost:56977}, networkConnectionEnabled: false, pageLoadStrategy: normal, platformName: WINDOWS, proxy: Proxy(), se:cdp: ws://localhost:56977/devtoo..., se:cdpVersion: 108.0.5359.125, setWindowRect: true, strictFileInteractability: false, timeouts: {implicit: 0, pageLoad: 300000, script: 30000}, unhandledPromptBehavior: dismiss and notify, webauthn:extension:credBlob: true, webauthn:extension:largeBlob: true, webauthn:virtualAuthenticators: true}
Session ID: 0df812be8e5fa541047ed15c1aa508df]]>
            </message>
            <full-stacktrace>
              <![CDATA[org.openqa.selenium.NoSuchElementException: no such element: Unable to locate element: {"method":"xpath","selector":"//h2[contains(text(),'All Products')]"}
  (Session info: chrome=108.0.5359.125)
For documentation on this error, please visit: https://selenium.dev/exceptions/#no_such_element
Build info: version: '4.7.2', revision: '4d4020c3b7'
System info: os.name: 'Windows 10', os.arch: 'amd64', os.version: '10.0', java.version: '1.8.0_341'
Driver info: org.openqa.selenium.chrome.ChromeDriver
Command: [0df812be8e5fa541047ed15c1aa508df, findElement {using=xpath, value=//h2[contains(text(),'All Products')]}]
Capabilities {acceptInsecureCerts: false, browserName: chrome, browserVersion: 108.0.5359.125, chrome: {chromedriverVersion: 108.0.5359.71 (1e0e3868ee06..., userDataDir: C:\Users\guven\AppData\Loca...}, goog:chromeOptions: {debuggerAddress: localhost:56977}, networkConnectionEnabled: false, pageLoadStrategy: normal, platformName: WINDOWS, proxy: Proxy(), se:cdp: ws://localhost:56977/devtoo..., se:cdpVersion: 108.0.5359.125, setWindowRect: true, strictFileInteractability: false, timeouts: {implicit: 0, pageLoad: 300000, script: 30000}, unhandledPromptBehavior: dismiss and notify, webauthn:extension:credBlob: true, webauthn:extension:largeBlob: true, webauthn:virtualAuthenticators: true}
Session ID: 0df812be8e5fa541047ed15c1aa508df
at sun.reflect.NativeConstructorAccessorImpl.newInstance0(Native Method)
at sun.reflect.NativeConstructorAccessorImpl.newInstance(NativeConstructorAccessorImpl.java:62)
at sun.reflect.DelegatingConstructorAccessorImpl.newInstance(DelegatingConstructorAccessorImpl.java:45)
at java.lang.reflect.Constructor.newInstance(Constructor.java:423)
at org.openqa.selenium.remote.codec.w3c.W3CHttpResponseCodec.createException(W3CHttpResponseCodec.java:200)
at org.openqa.selenium.remote.codec.w3c.W3CHttpResponseCodec.decode(W3CHttpResponseCodec.java:133)
at org.openqa.selenium.remote.codec.w3c.W3CHttpResponseCodec.decode(W3CHttpResponseCodec.java:53)
at org.openqa.selenium.remote.HttpCommandExecutor.execute(HttpCommandExecutor.java:184)
at org.openqa.selenium.remote.service.DriverCommandExecutor.invokeExecute(DriverCommandExecutor.java:167)
at org.openqa.selenium.remote.service.DriverCommandExecutor.execute(DriverCommandExecutor.java:142)
at org.openqa.selenium.remote.RemoteWebDriver.execute(RemoteWebDriver.java:535)
at org.openqa.selenium.remote.ElementLocation$ElementFinder$2.findElement(ElementLocation.java:162)
at org.openqa.selenium.remote.ElementLocation.findElement(ElementLocation.java:60)
at org.openqa.selenium.remote.RemoteWebDriver.findElement(RemoteWebDriver.java:351)
at org.openqa.selenium.remote.RemoteWebDriver.findElement(RemoteWebDriver.java:343)
at InarAcademy.SearchProduct.clickProductsPageAndConfirm(SearchProduct.java:37)
at sun.reflect.NativeMethodAccessorImpl.invoke0(Native Method)
at sun.reflect.NativeMethodAccessorImpl.invoke(NativeMethodAccessorImpl.java:62)
at sun.reflect.DelegatingMethodAccessorImpl.invoke(DelegatingMethodAccessorImpl.java:43)
at java.lang.reflect.Method.invoke(Method.java:498)
at org.testng.internal.MethodInvocationHelper.invokeMethod(MethodInvocationHelper.java:133)
at org.testng.internal.TestInvoker.invokeMethod(TestInvoker.java:584)
at org.testng.internal.TestInvoker.invokeTestMethod(TestInvoker.java:172)
at org.testng.internal.MethodRunner.runInSequence(MethodRunner.java:46)
at org.testng.internal.TestInvoker$MethodInvocationAgent.invoke(TestInvoker.java:804)
at org.testng.internal.TestInvoker.invokeTestMethods(TestInvoker.java:145)
at org.testng.internal.TestMethodWorker.invokeTestMethods(TestMethodWorker.java:146)
at org.testng.internal.TestMethodWorker.run(TestMethodWorker.java:128)
at java.util.ArrayList.forEach(ArrayList.java:1259)
at org.testng.TestRunner.privateRun(TestRunner.java:770)
at org.testng.TestRunner.run(TestRunner.java:591)
at org.testng.SuiteRunner.runTest(SuiteRunner.java:402)
at org.testng.SuiteRunner.runSequentially(SuiteRunner.java:396)
at org.testng.SuiteRunner.privateRun(SuiteRunner.java:355)
at org.testng.SuiteRunner.run(SuiteRunner.java:304)
at org.testng.SuiteRunnerWorker.runSuite(SuiteRunnerWorker.java:53)
at org.testng.SuiteRunnerWorker.run(SuiteRunnerWorker.java:96)
at org.testng.TestNG.runSuitesSequentially(TestNG.java:1180)
at org.testng.TestNG.runSuitesLocally(TestNG.java:1102)
at org.testng.TestNG.runSuites(TestNG.java:1032)
at org.testng.TestNG.run(TestNG.java:1000)
at com.intellij.rt.testng.IDEARemoteTestNG.run(IDEARemoteTestNG.java:66)
at com.intellij.rt.testng.RemoteTestNGStarter.main(RemoteTestNGStarter.java:109)
]]>
            </full-stacktrace>
          </exception> <!-- org.openqa.selenium.NoSuchElementException -->
          <reporter-output>
          </reporter-output>
        </test-method> <!-- clickProductsPageAndConfirm -->
        <test-method status="FAIL" signature="searchProduct()[pri:2, instance:InarAcademy.SearchProduct@14bf9759]" name="searchProduct" duration-ms="7057" started-at="2023-01-05T15:20:30 EET" finished-at="2023-01-05T15:20:37 EET">
          <exception class="org.openqa.selenium.NoSuchElementException">
            <message>
              <![CDATA[no such element: Unable to locate element: {"method":"css selector","selector":"#search_product"}
  (Session info: chrome=108.0.5359.125)
For documentation on this error, please visit: https://selenium.dev/exceptions/#no_such_element
Build info: version: '4.7.2', revision: '4d4020c3b7'
System info: os.name: 'Windows 10', os.arch: 'amd64', os.version: '10.0', java.version: '1.8.0_341'
Driver info: org.openqa.selenium.chrome.ChromeDriver
Command: [0df812be8e5fa541047ed15c1aa508df, findElement {using=id, value=search_product}]
Capabilities {acceptInsecureCerts: false, browserName: chrome, browserVersion: 108.0.5359.125, chrome: {chromedriverVersion: 108.0.5359.71 (1e0e3868ee06..., userDataDir: C:\Users\guven\AppData\Loca...}, goog:chromeOptions: {debuggerAddress: localhost:56977}, networkConnectionEnabled: false, pageLoadStrategy: normal, platformName: WINDOWS, proxy: Proxy(), se:cdp: ws://localhost:56977/devtoo..., se:cdpVersion: 108.0.5359.125, setWindowRect: true, strictFileInteractability: false, timeouts: {implicit: 0, pageLoad: 300000, script: 30000}, unhandledPromptBehavior: dismiss and notify, webauthn:extension:credBlob: true, webauthn:extension:largeBlob: true, webauthn:virtualAuthenticators: true}
Session ID: 0df812be8e5fa541047ed15c1aa508df]]>
            </message>
            <full-stacktrace>
              <![CDATA[org.openqa.selenium.NoSuchElementException: no such element: Unable to locate element: {"method":"css selector","selector":"#search_product"}
  (Session info: chrome=108.0.5359.125)
For documentation on this error, please visit: https://selenium.dev/exceptions/#no_such_element
Build info: version: '4.7.2', revision: '4d4020c3b7'
System info: os.name: 'Windows 10', os.arch: 'amd64', os.version: '10.0', java.version: '1.8.0_341'
Driver info: org.openqa.selenium.chrome.ChromeDriver
Command: [0df812be8e5fa541047ed15c1aa508df, findElement {using=id, value=search_product}]
Capabilities {acceptInsecureCerts: false, browserName: chrome, browserVersion: 108.0.5359.125, chrome: {chromedriverVersion: 108.0.5359.71 (1e0e3868ee06..., userDataDir: C:\Users\guven\AppData\Loca...}, goog:chromeOptions: {debuggerAddress: localhost:56977}, networkConnectionEnabled: false, pageLoadStrategy: normal, platformName: WINDOWS, proxy: Proxy(), se:cdp: ws://localhost:56977/devtoo..., se:cdpVersion: 108.0.5359.125, setWindowRect: true, strictFileInteractability: false, timeouts: {implicit: 0, pageLoad: 300000, script: 30000}, unhandledPromptBehavior: dismiss and notify, webauthn:extension:credBlob: true, webauthn:extension:largeBlob: true, webauthn:virtualAuthenticators: true}
Session ID: 0df812be8e5fa541047ed15c1aa508df
at sun.reflect.NativeConstructorAccessorImpl.newInstance0(Native Method)
at sun.reflect.NativeConstructorAccessorImpl.newInstance(NativeConstructorAccessorImpl.java:62)
at sun.reflect.DelegatingConstructorAccessorImpl.newInstance(DelegatingConstructorAccessorImpl.java:45)
at java.lang.reflect.Constructor.newInstance(Constructor.java:423)
at org.openqa.selenium.remote.codec.w3c.W3CHttpResponseCodec.createException(W3CHttpResponseCodec.java:200)
at org.openqa.selenium.remote.codec.w3c.W3CHttpResponseCodec.decode(W3CHttpResponseCodec.java:133)
at org.openqa.selenium.remote.codec.w3c.W3CHttpResponseCodec.decode(W3CHttpResponseCodec.java:53)
at org.openqa.selenium.remote.HttpCommandExecutor.execute(HttpCommandExecutor.java:184)
at org.openqa.selenium.remote.service.DriverCommandExecutor.invokeExecute(DriverCommandExecutor.java:167)
at org.openqa.selenium.remote.service.DriverCommandExecutor.execute(DriverCommandExecutor.java:142)
at org.openqa.selenium.remote.RemoteWebDriver.execute(RemoteWebDriver.java:535)
at org.openqa.selenium.remote.ElementLocation$ElementFinder$2.findElement(ElementLocation.java:162)
at org.openqa.selenium.remote.ElementLocation.findElement(ElementLocation.java:66)
at org.openqa.selenium.remote.RemoteWebDriver.findElement(RemoteWebDriver.java:351)
at org.openqa.selenium.remote.RemoteWebDriver.findElement(RemoteWebDriver.java:343)
at InarAcademy.SearchProduct.searchProduct(SearchProduct.java:41)
at sun.reflect.NativeMethodAccessorImpl.invoke0(Native Method)
at sun.reflect.NativeMethodAccessorImpl.invoke(NativeMethodAccessorImpl.java:62)
at sun.reflect.DelegatingMethodAccessorImpl.invoke(DelegatingMethodAccessorImpl.java:43)
at java.lang.reflect.Method.invoke(Method.java:498)
at org.testng.internal.MethodInvocationHelper.invokeMethod(MethodInvocationHelper.java:133)
at org.testng.internal.TestInvoker.invokeMethod(TestInvoker.java:584)
at org.testng.internal.TestInvoker.invokeTestMethod(TestInvoker.java:172)
at org.testng.internal.MethodRunner.runInSequence(MethodRunner.java:46)
at org.testng.internal.TestInvoker$MethodInvocationAgent.invoke(TestInvoker.java:804)
at org.testng.internal.TestInvoker.invokeTestMethods(TestInvoker.java:145)
at org.testng.internal.TestMethodWorker.invokeTestMethods(TestMethodWorker.java:146)
at org.testng.internal.TestMethodWorker.run(TestMethodWorker.java:128)
at java.util.ArrayList.forEach(ArrayList.java:1259)
at org.testng.TestRunner.privateRun(TestRunner.java:770)
at org.testng.TestRunner.run(TestRunner.java:591)
at org.testng.SuiteRunner.runTest(SuiteRunner.java:402)
at org.testng.SuiteRunner.runSequentially(SuiteRunner.java:396)
at org.testng.SuiteRunner.privateRun(SuiteRunner.java:355)
at org.testng.SuiteRunner.run(SuiteRunner.java:304)
at org.testng.SuiteRunnerWorker.runSuite(SuiteRunnerWorker.java:53)
at org.testng.SuiteRunnerWorker.run(SuiteRunnerWorker.java:96)
at org.testng.TestNG.runSuitesSequentially(TestNG.java:1180)
at org.testng.TestNG.runSuitesLocally(TestNG.java:1102)
at org.testng.TestNG.runSuites(TestNG.java:1032)
at org.testng.TestNG.run(TestNG.java:1000)
at com.intellij.rt.testng.IDEARemoteTestNG.run(IDEARemoteTestNG.java:66)
at com.intellij.rt.testng.RemoteTestNGStarter.main(RemoteTestNGStarter.java:109)
]]>
            </full-stacktrace>
          </exception> <!-- org.openqa.selenium.NoSuchElementException -->
          <reporter-output>
          </reporter-output>
        </test-method> <!-- searchProduct -->
        <test-method status="FAIL" signature="confirmSearchProduct()[pri:3, instance:InarAcademy.SearchProduct@14bf9759]" name="confirmSearchProduct" duration-ms="4201" started-at="2023-01-05T15:20:37 EET" finished-at="2023-01-05T15:20:41 EET">
          <exception class="java.lang.AssertionError">
            <message>
              <![CDATA[expected [Men Tshirt] but found []]]>
            </message>
            <full-stacktrace>
              <![CDATA[java.lang.AssertionError: expected [Men Tshirt] but found []
at org.testng.Assert.fail(Assert.java:97)
at org.testng.Assert.assertEqualsImpl(Assert.java:136)
at org.testng.Assert.assertEquals(Assert.java:118)
at org.testng.Assert.assertEquals(Assert.java:575)
at org.testng.Assert.assertEquals(Assert.java:585)
at InarAcademy.SearchProduct.confirmSearchProduct(SearchProduct.java:55)
at sun.reflect.NativeMethodAccessorImpl.invoke0(Native Method)
at sun.reflect.NativeMethodAccessorImpl.invoke(NativeMethodAccessorImpl.java:62)
at sun.reflect.DelegatingMethodAccessorImpl.invoke(DelegatingMethodAccessorImpl.java:43)
at java.lang.reflect.Method.invoke(Method.java:498)
at org.testng.internal.MethodInvocationHelper.invokeMethod(MethodInvocationHelper.java:133)
at org.testng.internal.TestInvoker.invokeMethod(TestInvoker.java:584)
at org.testng.internal.TestInvoker.invokeTestMethod(TestInvoker.java:172)
at org.testng.internal.MethodRunner.runInSequence(MethodRunner.java:46)
at org.testng.internal.TestInvoker$MethodInvocationAgent.invoke(TestInvoker.java:804)
at org.testng.internal.TestInvoker.invokeTestMethods(TestInvoker.java:145)
at org.testng.internal.TestMethodWorker.invokeTestMethods(TestMethodWorker.java:146)
at org.testng.internal.TestMethodWorker.run(TestMethodWorker.java:128)
at java.util.ArrayList.forEach(ArrayList.java:1259)
at org.testng.TestRunner.privateRun(TestRunner.java:770)
at org.testng.TestRunner.run(TestRunner.java:591)
at org.testng.SuiteRunner.runTest(SuiteRunner.java:402)
at org.testng.SuiteRunner.runSequentially(SuiteRunner.java:396)
at org.testng.SuiteRunner.privateRun(SuiteRunner.java:355)
at org.testng.SuiteRunner.run(SuiteRunner.java:304)
at org.testng.SuiteRunnerWorker.runSuite(SuiteRunnerWorker.java:53)
at org.testng.SuiteRunnerWorker.run(SuiteRunnerWorker.java:96)
at org.testng.TestNG.runSuitesSequentially(TestNG.java:1180)
at org.testng.TestNG.runSuitesLocally(TestNG.java:1102)
at org.testng.TestNG.runSuites(TestNG.java:1032)
at org.testng.TestNG.run(TestNG.java:1000)
at com.intellij.rt.testng.IDEARemoteTestNG.run(IDEARemoteTestNG.java:66)
at com.intellij.rt.testng.RemoteTestNGStarter.main(RemoteTestNGStarter.java:109)
]]>
            </full-stacktrace>
          </exception> <!-- java.lang.AssertionError -->
          <reporter-output>
          </reporter-output>
        </test-method> <!-- confirmSearchProduct -->
        <test-method status="PASS" signature="tearUp()[pri:0, instance:InarAcademy.SearchProduct@14bf9759]" name="tearUp" is-config="true" duration-ms="735" started-at="2023-01-05T15:20:47 EET" finished-at="2023-01-05T15:20:48 EET">
          <reporter-output>
          </reporter-output>
        </test-method> <!-- tearUp -->
      </class> <!-- InarAcademy.SearchProduct -->
      <class name="InarAcademy.LoginUserWithCorrectEmailAndPassword">
        <test-method status="PASS" signature="setUpSuite()[pri:0, instance:InarAcademy.LoginUserWithCorrectEmailAndPassword@239963d8]" name="setUpSuite" is-config="true" duration-ms="1031" started-at="2023-01-05T15:17:49 EET" finished-at="2023-01-05T15:17:50 EET">
          <reporter-output>
          </reporter-output>
        </test-method> <!-- setUpSuite -->
        <test-method status="PASS" signature="setUpTest()[pri:0, instance:InarAcademy.LoginUserWithCorrectEmailAndPassword@239963d8]" name="setUpTest" is-config="true" duration-ms="48454" started-at="2023-01-05T15:18:10 EET" finished-at="2023-01-05T15:18:58 EET">
          <reporter-output>
          </reporter-output>
        </test-method> <!-- setUpTest -->
        <test-method status="PASS" signature="SignWithCorrectEmailAndPassword()[pri:0, instance:InarAcademy.LoginUserWithCorrectEmailAndPassword@239963d8]" name="SignWithCorrectEmailAndPassword" duration-ms="4956" started-at="2023-01-05T15:19:42 EET" finished-at="2023-01-05T15:19:47 EET">
          <reporter-output>
          </reporter-output>
        </test-method> <!-- SignWithCorrectEmailAndPassword -->
        <test-method status="PASS" signature="checkIsLogin()[pri:0, instance:InarAcademy.LoginUserWithCorrectEmailAndPassword@239963d8]" name="checkIsLogin" duration-ms="28" started-at="2023-01-05T15:19:47 EET" finished-at="2023-01-05T15:19:47 EET">
          <reporter-output>
          </reporter-output>
        </test-method> <!-- checkIsLogin -->
        <test-method status="PASS" signature="tearUp()[pri:0, instance:InarAcademy.LoginUserWithCorrectEmailAndPassword@239963d8]" name="tearUp" is-config="true" duration-ms="811" started-at="2023-01-05T15:20:44 EET" finished-at="2023-01-05T15:20:45 EET">
          <reporter-output>
          </reporter-output>
        </test-method> <!-- tearUp -->
      </class> <!-- InarAcademy.LoginUserWithCorrectEmailAndPassword -->
      <class name="InarAcademy.VerifyAllProductsAndProductDetailPage">
        <test-method status="PASS" signature="setUpSuite()[pri:0, instance:InarAcademy.VerifyAllProductsAndProductDetailPage@3c0ecd4b]" name="setUpSuite" is-config="true" duration-ms="1609" started-at="2023-01-05T15:17:57 EET" finished-at="2023-01-05T15:17:59 EET">
          <reporter-output>
          </reporter-output>
        </test-method> <!-- setUpSuite -->
        <test-method status="PASS" signature="setUpTest()[pri:0, instance:InarAcademy.VerifyAllProductsAndProductDetailPage@3c0ecd4b]" name="setUpTest" is-config="true" duration-ms="4308" started-at="2023-01-05T15:19:30 EET" finished-at="2023-01-05T15:19:34 EET">
          <reporter-output>
          </reporter-output>
        </test-method> <!-- setUpTest -->
        <test-method status="FAIL" signature="clickProductsPageAndConfirm()[pri:1, instance:InarAcademy.VerifyAllProductsAndProductDetailPage@3c0ecd4b]" name="clickProductsPageAndConfirm" duration-ms="7093" started-at="2023-01-05T15:20:15 EET" finished-at="2023-01-05T15:20:22 EET">
          <exception class="org.openqa.selenium.NoSuchElementException">
            <message>
              <![CDATA[no such element: Unable to locate element: {"method":"xpath","selector":"//h2[contains(text(),'All Products')]"}
  (Session info: chrome=108.0.5359.125)
For documentation on this error, please visit: https://selenium.dev/exceptions/#no_such_element
Build info: version: '4.7.2', revision: '4d4020c3b7'
System info: os.name: 'Windows 10', os.arch: 'amd64', os.version: '10.0', java.version: '1.8.0_341'
Driver info: org.openqa.selenium.chrome.ChromeDriver
Command: [87906c0dfbb0cfa42fbaf53c99a0077a, findElement {using=xpath, value=//h2[contains(text(),'All Products')]}]
Capabilities {acceptInsecureCerts: false, browserName: chrome, browserVersion: 108.0.5359.125, chrome: {chromedriverVersion: 108.0.5359.71 (1e0e3868ee06..., userDataDir: C:\Users\guven\AppData\Loca...}, goog:chromeOptions: {debuggerAddress: localhost:57009}, networkConnectionEnabled: false, pageLoadStrategy: normal, platformName: WINDOWS, proxy: Proxy(), se:cdp: ws://localhost:57009/devtoo..., se:cdpVersion: 108.0.5359.125, setWindowRect: true, strictFileInteractability: false, timeouts: {implicit: 0, pageLoad: 300000, script: 30000}, unhandledPromptBehavior: dismiss and notify, webauthn:extension:credBlob: true, webauthn:extension:largeBlob: true, webauthn:virtualAuthenticators: true}
Session ID: 87906c0dfbb0cfa42fbaf53c99a0077a]]>
            </message>
            <full-stacktrace>
              <![CDATA[org.openqa.selenium.NoSuchElementException: no such element: Unable to locate element: {"method":"xpath","selector":"//h2[contains(text(),'All Products')]"}
  (Session info: chrome=108.0.5359.125)
For documentation on this error, please visit: https://selenium.dev/exceptions/#no_such_element
Build info: version: '4.7.2', revision: '4d4020c3b7'
System info: os.name: 'Windows 10', os.arch: 'amd64', os.version: '10.0', java.version: '1.8.0_341'
Driver info: org.openqa.selenium.chrome.ChromeDriver
Command: [87906c0dfbb0cfa42fbaf53c99a0077a, findElement {using=xpath, value=//h2[contains(text(),'All Products')]}]
Capabilities {acceptInsecureCerts: false, browserName: chrome, browserVersion: 108.0.5359.125, chrome: {chromedriverVersion: 108.0.5359.71 (1e0e3868ee06..., userDataDir: C:\Users\guven\AppData\Loca...}, goog:chromeOptions: {debuggerAddress: localhost:57009}, networkConnectionEnabled: false, pageLoadStrategy: normal, platformName: WINDOWS, proxy: Proxy(), se:cdp: ws://localhost:57009/devtoo..., se:cdpVersion: 108.0.5359.125, setWindowRect: true, strictFileInteractability: false, timeouts: {implicit: 0, pageLoad: 300000, script: 30000}, unhandledPromptBehavior: dismiss and notify, webauthn:extension:credBlob: true, webauthn:extension:largeBlob: true, webauthn:virtualAuthenticators: true}
Session ID: 87906c0dfbb0cfa42fbaf53c99a0077a
at sun.reflect.NativeConstructorAccessorImpl.newInstance0(Native Method)
at sun.reflect.NativeConstructorAccessorImpl.newInstance(NativeConstructorAccessorImpl.java:62)
at sun.reflect.DelegatingConstructorAccessorImpl.newInstance(DelegatingConstructorAccessorImpl.java:45)
at java.lang.reflect.Constructor.newInstance(Constructor.java:423)
at org.openqa.selenium.remote.codec.w3c.W3CHttpResponseCodec.createException(W3CHttpResponseCodec.java:200)
at org.openqa.selenium.remote.codec.w3c.W3CHttpResponseCodec.decode(W3CHttpResponseCodec.java:133)
at org.openqa.selenium.remote.codec.w3c.W3CHttpResponseCodec.decode(W3CHttpResponseCodec.java:53)
at org.openqa.selenium.remote.HttpCommandExecutor.execute(HttpCommandExecutor.java:184)
at org.openqa.selenium.remote.service.DriverCommandExecutor.invokeExecute(DriverCommandExecutor.java:167)
at org.openqa.selenium.remote.service.DriverCommandExecutor.execute(DriverCommandExecutor.java:142)
at org.openqa.selenium.remote.RemoteWebDriver.execute(RemoteWebDriver.java:535)
at org.openqa.selenium.remote.ElementLocation$ElementFinder$2.findElement(ElementLocation.java:162)
at org.openqa.selenium.remote.ElementLocation.findElement(ElementLocation.java:60)
at org.openqa.selenium.remote.RemoteWebDriver.findElement(RemoteWebDriver.java:351)
at org.openqa.selenium.remote.RemoteWebDriver.findElement(RemoteWebDriver.java:343)
at InarAcademy.VerifyAllProductsAndProductDetailPage.clickProductsPageAndConfirm(VerifyAllProductsAndProductDetailPage.java:36)
at sun.reflect.NativeMethodAccessorImpl.invoke0(Native Method)
at sun.reflect.NativeMethodAccessorImpl.invoke(NativeMethodAccessorImpl.java:62)
at sun.reflect.DelegatingMethodAccessorImpl.invoke(DelegatingMethodAccessorImpl.java:43)
at java.lang.reflect.Method.invoke(Method.java:498)
at org.testng.internal.MethodInvocationHelper.invokeMethod(MethodInvocationHelper.java:133)
at org.testng.internal.TestInvoker.invokeMethod(TestInvoker.java:584)
at org.testng.internal.TestInvoker.invokeTestMethod(TestInvoker.java:172)
at org.testng.internal.MethodRunner.runInSequence(MethodRunner.java:46)
at org.testng.internal.TestInvoker$MethodInvocationAgent.invoke(TestInvoker.java:804)
at org.testng.internal.TestInvoker.invokeTestMethods(TestInvoker.java:145)
at org.testng.internal.TestMethodWorker.invokeTestMethods(TestMethodWorker.java:146)
at org.testng.internal.TestMethodWorker.run(TestMethodWorker.java:128)
at java.util.ArrayList.forEach(ArrayList.java:1259)
at org.testng.TestRunner.privateRun(TestRunner.java:770)
at org.testng.TestRunner.run(TestRunner.java:591)
at org.testng.SuiteRunner.runTest(SuiteRunner.java:402)
at org.testng.SuiteRunner.runSequentially(SuiteRunner.java:396)
at org.testng.SuiteRunner.privateRun(SuiteRunner.java:355)
at org.testng.SuiteRunner.run(SuiteRunner.java:304)
at org.testng.SuiteRunnerWorker.runSuite(SuiteRunnerWorker.java:53)
at org.testng.SuiteRunnerWorker.run(SuiteRunnerWorker.java:96)
at org.testng.TestNG.runSuitesSequentially(TestNG.java:1180)
at org.testng.TestNG.runSuitesLocally(TestNG.java:1102)
at org.testng.TestNG.runSuites(TestNG.java:1032)
at org.testng.TestNG.run(TestNG.java:1000)
at com.intellij.rt.testng.IDEARemoteTestNG.run(IDEARemoteTestNG.java:66)
at com.intellij.rt.testng.RemoteTestNGStarter.main(RemoteTestNGStarter.java:109)
]]>
            </full-stacktrace>
          </exception> <!-- org.openqa.selenium.NoSuchElementException -->
          <reporter-output>
          </reporter-output>
        </test-method> <!-- clickProductsPageAndConfirm -->
        <test-method status="FAIL" signature="productDetailsAndConfirm()[pri:2, instance:InarAcademy.VerifyAllProductsAndProductDetailPage@3c0ecd4b]" name="productDetailsAndConfirm" duration-ms="1109" started-at="2023-01-05T15:20:22 EET" finished-at="2023-01-05T15:20:23 EET">
          <exception class="org.openqa.selenium.ElementClickInterceptedException">
            <message>
              <![CDATA[element click intercepted: Element <a href="/product_details/1" style="color: brown;">...</a> is not clickable at point (817, 905). Other element would receive the click: <iframe id="aswift_4" name="aswift_4" style="width: 100vw !important; height: 100vh !important; inset: 0px auto auto 0px !important; position: absolute !important; clear: none !important; display: inline !important; float: none !important; margin: 0px !important; max-height: none !important; max-width: none !important; opacity: 1 !important; overflow: visible !important; padding: 0px !important; vertical-align: baseline !important; visibility: visible !important; z-index: auto !important;" sandbox="allow-forms allow-popups allow-popups-to-escape-sandbox allow-same-origin allow-scripts allow-top-navigation-by-user-activation" width="" height="" frameborder="0" marginwidth="0" marginheight="0" vspace="0" hspace="0" allowtransparency="true" scrolling="no" src="https://googleads.g.doubleclick.net/pagead/html/r20230103/r20110914/zrt_lookup.html?fsb=1#RS-0-&amp;adk=1812271808&amp;client=ca-pub-1677597403311019&amp;fa=8&amp;ifi=5&amp;uci=a!5&amp;xpc=3sT7IUScQ4&amp;p=https%3A//automationexercise.com" data-google-container-id="a!5" data-google-query-id="CPeJ7IW1sPwCFc7DuwgdDo8KIQ" data-load-complete="true"></iframe>
  (Session info: chrome=108.0.5359.125)
Build info: version: '4.7.2', revision: '4d4020c3b7'
System info: os.name: 'Windows 10', os.arch: 'amd64', os.version: '10.0', java.version: '1.8.0_341'
Driver info: org.openqa.selenium.chrome.ChromeDriver
Command: [87906c0dfbb0cfa42fbaf53c99a0077a, clickElement {id=323a9df8-b4ea-4850-8ad0-2c1f46b4ef7b}]
Capabilities {acceptInsecureCerts: false, browserName: chrome, browserVersion: 108.0.5359.125, chrome: {chromedriverVersion: 108.0.5359.71 (1e0e3868ee06..., userDataDir: C:\Users\guven\AppData\Loca...}, goog:chromeOptions: {debuggerAddress: localhost:57009}, networkConnectionEnabled: false, pageLoadStrategy: normal, platformName: WINDOWS, proxy: Proxy(), se:cdp: ws://localhost:57009/devtoo..., se:cdpVersion: 108.0.5359.125, setWindowRect: true, strictFileInteractability: false, timeouts: {implicit: 0, pageLoad: 300000, script: 30000}, unhandledPromptBehavior: dismiss and notify, webauthn:extension:credBlob: true, webauthn:extension:largeBlob: true, webauthn:virtualAuthenticators: true}
Element: [[ChromeDriver: chrome on WINDOWS (87906c0dfbb0cfa42fbaf53c99a0077a)] -> css selector: a[href='/product_details/1']]
Session ID: 87906c0dfbb0cfa42fbaf53c99a0077a]]>
            </message>
            <full-stacktrace>
              <![CDATA[org.openqa.selenium.ElementClickInterceptedException: element click intercepted: Element <a href="/product_details/1" style="color: brown;">...</a> is not clickable at point (817, 905). Other element would receive the click: <iframe id="aswift_4" name="aswift_4" style="width: 100vw !important; height: 100vh !important; inset: 0px auto auto 0px !important; position: absolute !important; clear: none !important; display: inline !important; float: none !important; margin: 0px !important; max-height: none !important; max-width: none !important; opacity: 1 !important; overflow: visible !important; padding: 0px !important; vertical-align: baseline !important; visibility: visible !important; z-index: auto !important;" sandbox="allow-forms allow-popups allow-popups-to-escape-sandbox allow-same-origin allow-scripts allow-top-navigation-by-user-activation" width="" height="" frameborder="0" marginwidth="0" marginheight="0" vspace="0" hspace="0" allowtransparency="true" scrolling="no" src="https://googleads.g.doubleclick.net/pagead/html/r20230103/r20110914/zrt_lookup.html?fsb=1#RS-0-&amp;adk=1812271808&amp;client=ca-pub-1677597403311019&amp;fa=8&amp;ifi=5&amp;uci=a!5&amp;xpc=3sT7IUScQ4&amp;p=https%3A//automationexercise.com" data-google-container-id="a!5" data-google-query-id="CPeJ7IW1sPwCFc7DuwgdDo8KIQ" data-load-complete="true"></iframe>
  (Session info: chrome=108.0.5359.125)
Build info: version: '4.7.2', revision: '4d4020c3b7'
System info: os.name: 'Windows 10', os.arch: 'amd64', os.version: '10.0', java.version: '1.8.0_341'
Driver info: org.openqa.selenium.chrome.ChromeDriver
Command: [87906c0dfbb0cfa42fbaf53c99a0077a, clickElement {id=323a9df8-b4ea-4850-8ad0-2c1f46b4ef7b}]
Capabilities {acceptInsecureCerts: false, browserName: chrome, browserVersion: 108.0.5359.125, chrome: {chromedriverVersion: 108.0.5359.71 (1e0e3868ee06..., userDataDir: C:\Users\guven\AppData\Loca...}, goog:chromeOptions: {debuggerAddress: localhost:57009}, networkConnectionEnabled: false, pageLoadStrategy: normal, platformName: WINDOWS, proxy: Proxy(), se:cdp: ws://localhost:57009/devtoo..., se:cdpVersion: 108.0.5359.125, setWindowRect: true, strictFileInteractability: false, timeouts: {implicit: 0, pageLoad: 300000, script: 30000}, unhandledPromptBehavior: dismiss and notify, webauthn:extension:credBlob: true, webauthn:extension:largeBlob: true, webauthn:virtualAuthenticators: true}
Element: [[ChromeDriver: chrome on WINDOWS (87906c0dfbb0cfa42fbaf53c99a0077a)] -> css selector: a[href='/product_details/1']]
Session ID: 87906c0dfbb0cfa42fbaf53c99a0077a
at sun.reflect.NativeConstructorAccessorImpl.newInstance0(Native Method)
at sun.reflect.NativeConstructorAccessorImpl.newInstance(NativeConstructorAccessorImpl.java:62)
at sun.reflect.DelegatingConstructorAccessorImpl.newInstance(DelegatingConstructorAccessorImpl.java:45)
at java.lang.reflect.Constructor.newInstance(Constructor.java:423)
at org.openqa.selenium.remote.codec.w3c.W3CHttpResponseCodec.createException(W3CHttpResponseCodec.java:200)
at org.openqa.selenium.remote.codec.w3c.W3CHttpResponseCodec.decode(W3CHttpResponseCodec.java:133)
at org.openqa.selenium.remote.codec.w3c.W3CHttpResponseCodec.decode(W3CHttpResponseCodec.java:53)
at org.openqa.selenium.remote.HttpCommandExecutor.execute(HttpCommandExecutor.java:184)
at org.openqa.selenium.remote.service.DriverCommandExecutor.invokeExecute(DriverCommandExecutor.java:167)
at org.openqa.selenium.remote.service.DriverCommandExecutor.execute(DriverCommandExecutor.java:142)
at org.openqa.selenium.remote.RemoteWebDriver.execute(RemoteWebDriver.java:535)
at org.openqa.selenium.remote.RemoteWebElement.execute(RemoteWebElement.java:257)
at org.openqa.selenium.remote.RemoteWebElement.click(RemoteWebElement.java:78)
at InarAcademy.VerifyAllProductsAndProductDetailPage.productDetailsAndConfirm(VerifyAllProductsAndProductDetailPage.java:46)
at sun.reflect.NativeMethodAccessorImpl.invoke0(Native Method)
at sun.reflect.NativeMethodAccessorImpl.invoke(NativeMethodAccessorImpl.java:62)
at sun.reflect.DelegatingMethodAccessorImpl.invoke(DelegatingMethodAccessorImpl.java:43)
at java.lang.reflect.Method.invoke(Method.java:498)
at org.testng.internal.MethodInvocationHelper.invokeMethod(MethodInvocationHelper.java:133)
at org.testng.internal.TestInvoker.invokeMethod(TestInvoker.java:584)
at org.testng.internal.TestInvoker.invokeTestMethod(TestInvoker.java:172)
at org.testng.internal.MethodRunner.runInSequence(MethodRunner.java:46)
at org.testng.internal.TestInvoker$MethodInvocationAgent.invoke(TestInvoker.java:804)
at org.testng.internal.TestInvoker.invokeTestMethods(TestInvoker.java:145)
at org.testng.internal.TestMethodWorker.invokeTestMethods(TestMethodWorker.java:146)
at org.testng.internal.TestMethodWorker.run(TestMethodWorker.java:128)
at java.util.ArrayList.forEach(ArrayList.java:1259)
at org.testng.TestRunner.privateRun(TestRunner.java:770)
at org.testng.TestRunner.run(TestRunner.java:591)
at org.testng.SuiteRunner.runTest(SuiteRunner.java:402)
at org.testng.SuiteRunner.runSequentially(SuiteRunner.java:396)
at org.testng.SuiteRunner.privateRun(SuiteRunner.java:355)
at org.testng.SuiteRunner.run(SuiteRunner.java:304)
at org.testng.SuiteRunnerWorker.runSuite(SuiteRunnerWorker.java:53)
at org.testng.SuiteRunnerWorker.run(SuiteRunnerWorker.java:96)
at org.testng.TestNG.runSuitesSequentially(TestNG.java:1180)
at org.testng.TestNG.runSuitesLocally(TestNG.java:1102)
at org.testng.TestNG.runSuites(TestNG.java:1032)
at org.testng.TestNG.run(TestNG.java:1000)
at com.intellij.rt.testng.IDEARemoteTestNG.run(IDEARemoteTestNG.java:66)
at com.intellij.rt.testng.RemoteTestNGStarter.main(RemoteTestNGStarter.java:109)
]]>
            </full-stacktrace>
          </exception> <!-- org.openqa.selenium.ElementClickInterceptedException -->
          <reporter-output>
          </reporter-output>
        </test-method> <!-- productDetailsAndConfirm -->
        <test-method status="PASS" signature="tearUp()[pri:0, instance:InarAcademy.VerifyAllProductsAndProductDetailPage@3c0ecd4b]" name="tearUp" is-config="true" duration-ms="756" started-at="2023-01-05T15:20:49 EET" finished-at="2023-01-05T15:20:49 EET">
          <reporter-output>
          </reporter-output>
        </test-method> <!-- tearUp -->
      </class> <!-- InarAcademy.VerifyAllProductsAndProductDetailPage -->
      <class name="InarAcademy.SubscriptionInHomePage">
        <test-method status="PASS" signature="setUpSuite()[pri:0, instance:InarAcademy.SubscriptionInHomePage@5f341870]" name="setUpSuite" is-config="true" duration-ms="1689" started-at="2023-01-05T15:17:56 EET" finished-at="2023-01-05T15:17:57 EET">
          <reporter-output>
          </reporter-output>
        </test-method> <!-- setUpSuite -->
        <test-method status="PASS" signature="setUpTest()[pri:0, instance:InarAcademy.SubscriptionInHomePage@5f341870]" name="setUpTest" is-config="true" duration-ms="6329" started-at="2023-01-05T15:19:23 EET" finished-at="2023-01-05T15:19:30 EET">
          <reporter-output>
          </reporter-output>
        </test-method> <!-- setUpTest -->
        <test-method status="PASS" signature="enterEmailAndClick()[pri:1, instance:InarAcademy.SubscriptionInHomePage@5f341870]" name="enterEmailAndClick" duration-ms="126" started-at="2023-01-05T15:20:41 EET" finished-at="2023-01-05T15:20:42 EET">
          <reporter-output>
          </reporter-output>
        </test-method> <!-- enterEmailAndClick -->
        <test-method status="PASS" signature="confirmSubscribe()[pri:2, instance:InarAcademy.SubscriptionInHomePage@5f341870]" name="confirmSubscribe" duration-ms="1632" started-at="2023-01-05T15:20:42 EET" finished-at="2023-01-05T15:20:43 EET">
          <reporter-output>
          </reporter-output>
        </test-method> <!-- confirmSubscribe -->
        <test-method status="PASS" signature="tearUp()[pri:0, instance:InarAcademy.SubscriptionInHomePage@5f341870]" name="tearUp" is-config="true" duration-ms="735" started-at="2023-01-05T15:20:48 EET" finished-at="2023-01-05T15:20:49 EET">
          <reporter-output>
          </reporter-output>
        </test-method> <!-- tearUp -->
      </class> <!-- InarAcademy.SubscriptionInHomePage -->
      <class name="InarAcademy.VerifyTestCasesPage">
        <test-method status="PASS" signature="setUpSuite()[pri:0, instance:InarAcademy.VerifyTestCasesPage@598067a5]" name="setUpSuite" is-config="true" duration-ms="1669" started-at="2023-01-05T15:17:59 EET" finished-at="2023-01-05T15:18:01 EET">
          <reporter-output>
          </reporter-output>
        </test-method> <!-- setUpSuite -->
        <test-method status="PASS" signature="setUpTest()[pri:0, instance:InarAcademy.VerifyTestCasesPage@598067a5]" name="setUpTest" is-config="true" duration-ms="4533" started-at="2023-01-05T15:19:34 EET" finished-at="2023-01-05T15:19:38 EET">
          <reporter-output>
          </reporter-output>
        </test-method> <!-- setUpTest -->
        <test-method status="FAIL" signature="confirmTheTestCasePage()[pri:0, instance:InarAcademy.VerifyTestCasesPage@598067a5]" name="confirmTheTestCasePage" duration-ms="9115" started-at="2023-01-05T15:20:06 EET" finished-at="2023-01-05T15:20:15 EET">
          <exception class="org.openqa.selenium.NoSuchElementException">
            <message>
              <![CDATA[no such element: Unable to locate element: {"method":"xpath","selector":"//b[contains(text(),'Test Cases')]"}
  (Session info: chrome=108.0.5359.125)
For documentation on this error, please visit: https://selenium.dev/exceptions/#no_such_element
Build info: version: '4.7.2', revision: '4d4020c3b7'
System info: os.name: 'Windows 10', os.arch: 'amd64', os.version: '10.0', java.version: '1.8.0_341'
Driver info: org.openqa.selenium.chrome.ChromeDriver
Command: [ba8311302a1ae2bb6a5c476f7291ef1e, findElement {using=xpath, value=//b[contains(text(),'Test Cases')]}]
Capabilities {acceptInsecureCerts: false, browserName: chrome, browserVersion: 108.0.5359.125, chrome: {chromedriverVersion: 108.0.5359.71 (1e0e3868ee06..., userDataDir: C:\Users\guven\AppData\Loca...}, goog:chromeOptions: {debuggerAddress: localhost:57026}, networkConnectionEnabled: false, pageLoadStrategy: normal, platformName: WINDOWS, proxy: Proxy(), se:cdp: ws://localhost:57026/devtoo..., se:cdpVersion: 108.0.5359.125, setWindowRect: true, strictFileInteractability: false, timeouts: {implicit: 0, pageLoad: 300000, script: 30000}, unhandledPromptBehavior: dismiss and notify, webauthn:extension:credBlob: true, webauthn:extension:largeBlob: true, webauthn:virtualAuthenticators: true}
Session ID: ba8311302a1ae2bb6a5c476f7291ef1e]]>
            </message>
            <full-stacktrace>
              <![CDATA[org.openqa.selenium.NoSuchElementException: no such element: Unable to locate element: {"method":"xpath","selector":"//b[contains(text(),'Test Cases')]"}
  (Session info: chrome=108.0.5359.125)
For documentation on this error, please visit: https://selenium.dev/exceptions/#no_such_element
Build info: version: '4.7.2', revision: '4d4020c3b7'
System info: os.name: 'Windows 10', os.arch: 'amd64', os.version: '10.0', java.version: '1.8.0_341'
Driver info: org.openqa.selenium.chrome.ChromeDriver
Command: [ba8311302a1ae2bb6a5c476f7291ef1e, findElement {using=xpath, value=//b[contains(text(),'Test Cases')]}]
Capabilities {acceptInsecureCerts: false, browserName: chrome, browserVersion: 108.0.5359.125, chrome: {chromedriverVersion: 108.0.5359.71 (1e0e3868ee06..., userDataDir: C:\Users\guven\AppData\Loca...}, goog:chromeOptions: {debuggerAddress: localhost:57026}, networkConnectionEnabled: false, pageLoadStrategy: normal, platformName: WINDOWS, proxy: Proxy(), se:cdp: ws://localhost:57026/devtoo..., se:cdpVersion: 108.0.5359.125, setWindowRect: true, strictFileInteractability: false, timeouts: {implicit: 0, pageLoad: 300000, script: 30000}, unhandledPromptBehavior: dismiss and notify, webauthn:extension:credBlob: true, webauthn:extension:largeBlob: true, webauthn:virtualAuthenticators: true}
Session ID: ba8311302a1ae2bb6a5c476f7291ef1e
at sun.reflect.NativeConstructorAccessorImpl.newInstance0(Native Method)
at sun.reflect.NativeConstructorAccessorImpl.newInstance(NativeConstructorAccessorImpl.java:62)
at sun.reflect.DelegatingConstructorAccessorImpl.newInstance(DelegatingConstructorAccessorImpl.java:45)
at java.lang.reflect.Constructor.newInstance(Constructor.java:423)
at org.openqa.selenium.remote.codec.w3c.W3CHttpResponseCodec.createException(W3CHttpResponseCodec.java:200)
at org.openqa.selenium.remote.codec.w3c.W3CHttpResponseCodec.decode(W3CHttpResponseCodec.java:133)
at org.openqa.selenium.remote.codec.w3c.W3CHttpResponseCodec.decode(W3CHttpResponseCodec.java:53)
at org.openqa.selenium.remote.HttpCommandExecutor.execute(HttpCommandExecutor.java:184)
at org.openqa.selenium.remote.service.DriverCommandExecutor.invokeExecute(DriverCommandExecutor.java:167)
at org.openqa.selenium.remote.service.DriverCommandExecutor.execute(DriverCommandExecutor.java:142)
at org.openqa.selenium.remote.RemoteWebDriver.execute(RemoteWebDriver.java:535)
at org.openqa.selenium.remote.ElementLocation$ElementFinder$2.findElement(ElementLocation.java:162)
at org.openqa.selenium.remote.ElementLocation.findElement(ElementLocation.java:60)
at org.openqa.selenium.remote.RemoteWebDriver.findElement(RemoteWebDriver.java:351)
at org.openqa.selenium.remote.RemoteWebDriver.findElement(RemoteWebDriver.java:343)
at InarAcademy.VerifyTestCasesPage.confirmTheTestCasePage(VerifyTestCasesPage.java:39)
at sun.reflect.NativeMethodAccessorImpl.invoke0(Native Method)
at sun.reflect.NativeMethodAccessorImpl.invoke(NativeMethodAccessorImpl.java:62)
at sun.reflect.DelegatingMethodAccessorImpl.invoke(DelegatingMethodAccessorImpl.java:43)
at java.lang.reflect.Method.invoke(Method.java:498)
at org.testng.internal.MethodInvocationHelper.invokeMethod(MethodInvocationHelper.java:133)
at org.testng.internal.TestInvoker.invokeMethod(TestInvoker.java:584)
at org.testng.internal.TestInvoker.invokeTestMethod(TestInvoker.java:172)
at org.testng.internal.MethodRunner.runInSequence(MethodRunner.java:46)
at org.testng.internal.TestInvoker$MethodInvocationAgent.invoke(TestInvoker.java:804)
at org.testng.internal.TestInvoker.invokeTestMethods(TestInvoker.java:145)
at org.testng.internal.TestMethodWorker.invokeTestMethods(TestMethodWorker.java:146)
at org.testng.internal.TestMethodWorker.run(TestMethodWorker.java:128)
at java.util.ArrayList.forEach(ArrayList.java:1259)
at org.testng.TestRunner.privateRun(TestRunner.java:770)
at org.testng.TestRunner.run(TestRunner.java:591)
at org.testng.SuiteRunner.runTest(SuiteRunner.java:402)
at org.testng.SuiteRunner.runSequentially(SuiteRunner.java:396)
at org.testng.SuiteRunner.privateRun(SuiteRunner.java:355)
at org.testng.SuiteRunner.run(SuiteRunner.java:304)
at org.testng.SuiteRunnerWorker.runSuite(SuiteRunnerWorker.java:53)
at org.testng.SuiteRunnerWorker.run(SuiteRunnerWorker.java:96)
at org.testng.TestNG.runSuitesSequentially(TestNG.java:1180)
at org.testng.TestNG.runSuitesLocally(TestNG.java:1102)
at org.testng.TestNG.runSuites(TestNG.java:1032)
at org.testng.TestNG.run(TestNG.java:1000)
at com.intellij.rt.testng.IDEARemoteTestNG.run(IDEARemoteTestNG.java:66)
at com.intellij.rt.testng.RemoteTestNGStarter.main(RemoteTestNGStarter.java:109)
]]>
            </full-stacktrace>
          </exception> <!-- org.openqa.selenium.NoSuchElementException -->
          <reporter-output>
          </reporter-output>
        </test-method> <!-- confirmTheTestCasePage -->
        <test-method status="PASS" signature="tearUp()[pri:0, instance:InarAcademy.VerifyTestCasesPage@598067a5]" name="tearUp" is-config="true" duration-ms="707" started-at="2023-01-05T15:20:49 EET" finished-at="2023-01-05T15:20:50 EET">
          <reporter-output>
          </reporter-output>
        </test-method> <!-- tearUp -->
      </class> <!-- InarAcademy.VerifyTestCasesPage -->
      <class name="InarAcademy.ContactUsForm">
        <test-method status="PASS" signature="setUpSuite()[pri:0, instance:InarAcademy.ContactUsForm@57fffcd7]" name="setUpSuite" is-config="true" duration-ms="3688" started-at="2023-01-05T15:17:45 EET" finished-at="2023-01-05T15:17:49 EET">
          <reporter-output>
          </reporter-output>
        </test-method> <!-- setUpSuite -->
        <test-method status="PASS" signature="setUpTest()[pri:0, instance:InarAcademy.ContactUsForm@57fffcd7]" name="setUpTest" is-config="true" duration-ms="9129" started-at="2023-01-05T15:18:01 EET" finished-at="2023-01-05T15:18:10 EET">
          <reporter-output>
          </reporter-output>
        </test-method> <!-- setUpTest -->
        <test-method status="PASS" signature="confirmTheReturnHomePage()[pri:0, instance:InarAcademy.ContactUsForm@57fffcd7]" name="confirmTheReturnHomePage" duration-ms="222" started-at="2023-01-05T15:19:54 EET" finished-at="2023-01-05T15:19:55 EET">
          <reporter-output>
          </reporter-output>
        </test-method> <!-- confirmTheReturnHomePage -->
        <test-method status="PASS" signature="fillTheBox()[pri:0, instance:InarAcademy.ContactUsForm@57fffcd7]" name="fillTheBox" duration-ms="452" started-at="2023-01-05T15:19:55 EET" finished-at="2023-01-05T15:19:55 EET">
          <reporter-output>
          </reporter-output>
        </test-method> <!-- fillTheBox -->
        <test-method status="PASS" signature="uploadFile()[pri:0, instance:InarAcademy.ContactUsForm@57fffcd7]" name="uploadFile" duration-ms="833" started-at="2023-01-05T15:19:55 EET" finished-at="2023-01-05T15:19:56 EET">
          <reporter-output>
          </reporter-output>
        </test-method> <!-- uploadFile -->
        <test-method status="PASS" signature="tearUp()[pri:0, instance:InarAcademy.ContactUsForm@57fffcd7]" name="tearUp" is-config="true" duration-ms="726" started-at="2023-01-05T15:20:43 EET" finished-at="2023-01-05T15:20:44 EET">
          <reporter-output>
          </reporter-output>
        </test-method> <!-- tearUp -->
      </class> <!-- InarAcademy.ContactUsForm -->
    </test> <!-- C:/Users/guven/Desktop/Selenium/SeleniumFrameworkDesign -->
  </suite> <!-- All Test Suite -->
</testng-results>
